<?xml version="1.0" encoding="UTF-8"?>
<testsuite name="org.bujo.application.DAOTest" tests="2" skipped="0" failures="0" errors="0" timestamp="2023-01-17T17:12:23" hostname="arch" time="0.014">
  <properties/>
  <testcase name="testInsertEntry()[jvm]" classname="org.bujo.application.DAOTest" time="0.012"/>
  <testcase name="test1()[jvm]" classname="org.bujo.application.DAOTest" time="0.001"/>
  <system-out><![CDATA[]]></system-out>
  <system-err><![CDATA[]]></system-err>
</testsuite>
